[0m18:35:59.880279 [debug] [MainThread]: Sending event: {'category': 'dbt', 'action': 'invocation', 'label': 'start', 'context': [<snowplow_tracker.self_describing_json.SelfDescribingJson object at 0x733ef169bad0>, <snowplow_tracker.self_describing_json.SelfDescribingJson object at 0x733ef0cbc8f0>, <snowplow_tracker.self_describing_json.SelfDescribingJson object at 0x733ef169bb90>]}


============================== 18:35:59.882564 | 57e6a0d5-506a-4349-9d5f-f1759446a56c ==============================
[0m18:35:59.882564 [info ] [MainThread]: Running with dbt=1.10.4
[0m18:35:59.882903 [debug] [MainThread]: running dbt with arguments {'printer_width': '80', 'indirect_selection': 'eager', 'write_json': 'True', 'log_cache_events': 'False', 'partial_parse': 'True', 'cache_selected_only': 'False', 'warn_error': 'None', 'version_check': 'True', 'debug': 'False', 'log_path': 'logs', 'profiles_dir': '/home/milky/.dbt', 'fail_fast': 'False', 'use_colors': 'True', 'use_experimental_parser': 'False', 'empty': 'None', 'quiet': 'False', 'no_print': 'None', 'log_format': 'default', 'introspect': 'True', 'invocation_command': 'dbt init my_project', 'static_parser': 'True', 'target_path': 'None', 'warn_error_options': 'WarnErrorOptionsV2(error=[], warn=[], silence=[])', 'send_anonymous_usage_stats': 'True'}
[0m18:35:59.888033 [debug] [MainThread]: Starter project path: /home/milky/Documents/10 Academy/shipping-data-product/venv/lib/python3.12/site-packages/dbt/include/starter_project
[0m18:35:59.889617 [info ] [MainThread]: 
Your new dbt project "my_project" was created!

For more information on how to configure the profiles.yml file,
please consult the dbt documentation here:

  https://docs.getdbt.com/docs/configure-your-profile

One more thing:

Need help? Don't hesitate to reach out to us via GitHub issues or on Slack:

  https://community.getdbt.com/

Happy modeling!

[0m18:35:59.889902 [info ] [MainThread]: Setting up your profile.
[0m18:42:05.574234 [info ] [MainThread]: Profile my_project written to /home/milky/.dbt/profiles.yml using target's profile_template.yml and your supplied values. Run 'dbt debug' to validate the connection.
[0m18:42:05.577109 [debug] [MainThread]: Resource report: {"command_name": "init", "command_success": true, "command_wall_clock_time": 365.73892, "process_in_blocks": "26888", "process_kernel_time": 0.148947, "process_mem_max_rss": "104576", "process_out_blocks": "80", "process_user_time": 0.847699}
[0m18:42:05.577782 [debug] [MainThread]: Command `dbt init` succeeded at 18:42:05.577688 after 365.74 seconds
[0m18:42:05.578081 [debug] [MainThread]: Sending event: {'category': 'dbt', 'action': 'invocation', 'label': 'end', 'context': [<snowplow_tracker.self_describing_json.SelfDescribingJson object at 0x733ef06affe0>, <snowplow_tracker.self_describing_json.SelfDescribingJson object at 0x733ef11f49e0>, <snowplow_tracker.self_describing_json.SelfDescribingJson object at 0x733ef073d190>]}
[0m18:42:05.578449 [debug] [MainThread]: Flushing usage events
[0m18:42:06.796034 [debug] [MainThread]: An error was encountered while trying to flush usage events
[0m18:43:12.725004 [debug] [MainThread]: Sending event: {'category': 'dbt', 'action': 'invocation', 'label': 'start', 'context': [<snowplow_tracker.self_describing_json.SelfDescribingJson object at 0x7a7ecc5eb860>, <snowplow_tracker.self_describing_json.SelfDescribingJson object at 0x7a7ec9a74ec0>, <snowplow_tracker.self_describing_json.SelfDescribingJson object at 0x7a7ec9cadcd0>]}


============================== 18:43:12.727089 | 224bd280-42d3-4a0b-9da4-3dc753de618e ==============================
[0m18:43:12.727089 [info ] [MainThread]: Running with dbt=1.10.4
[0m18:43:12.727787 [debug] [MainThread]: running dbt with arguments {'printer_width': '80', 'indirect_selection': 'eager', 'write_json': 'True', 'log_cache_events': 'False', 'partial_parse': 'True', 'cache_selected_only': 'False', 'profiles_dir': '/home/milky/.dbt', 'fail_fast': 'False', 'debug': 'False', 'log_path': 'logs', 'version_check': 'True', 'warn_error': 'None', 'use_colors': 'True', 'use_experimental_parser': 'False', 'empty': 'None', 'quiet': 'False', 'no_print': 'None', 'log_format': 'default', 'invocation_command': 'dbt debug', 'static_parser': 'True', 'introspect': 'True', 'target_path': 'None', 'warn_error_options': 'WarnErrorOptionsV2(error=[], warn=[], silence=[])', 'send_anonymous_usage_stats': 'True'}
[0m18:43:12.733772 [info ] [MainThread]: dbt version: 1.10.4
[0m18:43:12.734064 [info ] [MainThread]: python version: 3.12.3
[0m18:43:12.734288 [info ] [MainThread]: python path: /home/milky/Documents/10 Academy/shipping-data-product/venv/bin/python3
[0m18:43:12.734537 [info ] [MainThread]: os info: Linux-6.11.0-17-generic-x86_64-with-glibc2.39
[0m18:43:12.773326 [info ] [MainThread]: Using profiles dir at /home/milky/.dbt
[0m18:43:12.773668 [info ] [MainThread]: Using profiles.yml file at /home/milky/.dbt/profiles.yml
[0m18:43:12.773850 [info ] [MainThread]: Using dbt_project.yml file at /home/milky/Documents/10 Academy/shipping-data-product/dbt_project.yml
[0m18:43:12.774139 [info ] [MainThread]: adapter type: postgres
[0m18:43:12.774315 [info ] [MainThread]: adapter version: 1.9.0
[0m18:43:12.774499 [info ] [MainThread]: Configuration:
[0m18:43:12.774689 [info ] [MainThread]:   profiles.yml file [[32mOK found and valid[0m]
[0m18:43:12.774863 [info ] [MainThread]:   dbt_project.yml file [[31mERROR not found[0m]
[0m18:43:12.775041 [info ] [MainThread]: Required dependencies:
[0m18:43:12.775239 [debug] [MainThread]: Executing "git --help"
[0m18:43:12.779163 [debug] [MainThread]: STDOUT: "b"usage: git [-v | --version] [-h | --help] [-C <path>] [-c <name>=<value>]\n           [--exec-path[=<path>]] [--html-path] [--man-path] [--info-path]\n           [-p | --paginate | -P | --no-pager] [--no-replace-objects] [--bare]\n           [--git-dir=<path>] [--work-tree=<path>] [--namespace=<name>]\n           [--config-env=<name>=<envvar>] <command> [<args>]\n\nThese are common Git commands used in various situations:\n\nstart a working area (see also: git help tutorial)\n   clone     Clone a repository into a new directory\n   init      Create an empty Git repository or reinitialize an existing one\n\nwork on the current change (see also: git help everyday)\n   add       Add file contents to the index\n   mv        Move or rename a file, a directory, or a symlink\n   restore   Restore working tree files\n   rm        Remove files from the working tree and from the index\n\nexamine the history and state (see also: git help revisions)\n   bisect    Use binary search to find the commit that introduced a bug\n   diff      Show changes between commits, commit and working tree, etc\n   grep      Print lines matching a pattern\n   log       Show commit logs\n   show      Show various types of objects\n   status    Show the working tree status\n\ngrow, mark and tweak your common history\n   branch    List, create, or delete branches\n   commit    Record changes to the repository\n   merge     Join two or more development histories together\n   rebase    Reapply commits on top of another base tip\n   reset     Reset current HEAD to the specified state\n   switch    Switch branches\n   tag       Create, list, delete or verify a tag object signed with GPG\n\ncollaborate (see also: git help workflows)\n   fetch     Download objects and refs from another repository\n   pull      Fetch from and integrate with another repository or a local branch\n   push      Update remote refs along with associated objects\n\n'git help -a' and 'git help -g' list available subcommands and some\nconcept guides. See 'git help <command>' or 'git help <concept>'\nto read about a specific subcommand or concept.\nSee 'git help git' for an overview of the system.\n""
[0m18:43:12.779759 [debug] [MainThread]: STDERR: "b''"
[0m18:43:12.780129 [info ] [MainThread]:  - git [[32mOK found[0m]

[0m18:43:12.780505 [info ] [MainThread]: Connection:
[0m18:43:12.780699 [info ] [MainThread]:   host: db
[0m18:43:12.780865 [info ] [MainThread]:   port: 5432
[0m18:43:12.781023 [info ] [MainThread]:   user: postgres
[0m18:43:12.781174 [info ] [MainThread]:   database: shippingdb
[0m18:43:12.781331 [info ] [MainThread]:   schema: raw
[0m18:43:12.781497 [info ] [MainThread]:   connect_timeout: 10
[0m18:43:12.781659 [info ] [MainThread]:   role: None
[0m18:43:12.781827 [info ] [MainThread]:   search_path: None
[0m18:43:12.781980 [info ] [MainThread]:   keepalives_idle: 0
[0m18:43:12.782135 [info ] [MainThread]:   sslmode: None
[0m18:43:12.782292 [info ] [MainThread]:   sslcert: None
[0m18:43:12.782457 [info ] [MainThread]:   sslkey: None
[0m18:43:12.782614 [info ] [MainThread]:   sslrootcert: None
[0m18:43:12.782778 [info ] [MainThread]:   application_name: dbt
[0m18:43:12.782935 [info ] [MainThread]:   retries: 1
[0m18:43:12.783282 [info ] [MainThread]: Registered adapter: postgres=1.9.0
[0m18:43:12.836919 [debug] [MainThread]: Acquiring new postgres connection 'debug'
[0m18:43:12.851369 [debug] [MainThread]: Using postgres connection "debug"
[0m18:43:12.851742 [debug] [MainThread]: On debug: select 1 as id
[0m18:43:12.851931 [debug] [MainThread]: Opening a new connection, currently in state init
[0m18:43:13.150348 [debug] [MainThread]: Postgres adapter: Got a retryable error when attempting to open a postgres connection.
1 attempts remaining. Retrying in 0 seconds.
Error:
could not translate host name "db" to address: Temporary failure in name resolution

[0m18:43:13.263792 [debug] [MainThread]: Postgres adapter: Error running SQL: select 1 as id
[0m18:43:13.264186 [debug] [MainThread]: Postgres adapter: Rolling back transaction.
[0m18:43:13.264376 [debug] [MainThread]: On debug: No close available on handle
[0m18:43:13.264564 [info ] [MainThread]:   Connection test: [[31mERROR[0m]

[0m18:43:13.264796 [info ] [MainThread]: [31m2 checks failed:[0m
[0m18:43:13.264986 [info ] [MainThread]: Project loading failed for the following reason:
 project path </home/milky/Documents/10 Academy/shipping-data-product/dbt_project.yml> not found

[0m18:43:13.265159 [info ] [MainThread]: dbt was unable to connect to the specified database.
The database returned the following error:

  >Database Error
  could not translate host name "db" to address: Temporary failure in name resolution
  

Check your database credentials and try again. For more information, visit:
https://docs.getdbt.com/docs/configure-your-profile


[0m18:43:13.265734 [debug] [MainThread]: Resource report: {"command_name": "debug", "command_success": false, "command_wall_clock_time": 0.5878888, "process_in_blocks": "56", "process_kernel_time": 0.175558, "process_mem_max_rss": "111524", "process_out_blocks": "32", "process_user_time": 0.942628}
[0m18:43:13.266011 [debug] [MainThread]: Command `dbt debug` failed at 18:43:13.265960 after 0.59 seconds
[0m18:43:13.266194 [debug] [MainThread]: Connection 'debug' was properly closed.
[0m18:43:13.266374 [debug] [MainThread]: Sending event: {'category': 'dbt', 'action': 'invocation', 'label': 'end', 'context': [<snowplow_tracker.self_describing_json.SelfDescribingJson object at 0x7a7eca02f3b0>, <snowplow_tracker.self_describing_json.SelfDescribingJson object at 0x7a7ec9719700>, <snowplow_tracker.self_describing_json.SelfDescribingJson object at 0x7a7ec96efd70>]}
[0m18:43:13.266601 [debug] [MainThread]: Flushing usage events
[0m18:43:14.483037 [debug] [MainThread]: An error was encountered while trying to flush usage events
